<?xml version="1.0" encoding="UTF-8"?>
<!-- Generated by org.testng.reporters.JUnitReportReporter -->
<testsuite hostname="L-156163516" name="TestCases.Scenario2" tests="1" failures="0" timestamp="4 Feb 2019 07:16:23 GMT" time="28.323" errors="0">
  <testcase name="Login" time="28.323" classname="TestCases.Scenario2"/>
</testsuite> <!-- TestCases.Scenario2 -->
