<?xml version="1.0" encoding="UTF-8"?>
<!-- Generated by org.testng.reporters.JUnitReportReporter -->
<testsuite hostname="L-156163516" name="TestCases.Scenario1" tests="1" failures="0" timestamp="4 Feb 2019 06:10:09 GMT" time="53.509" errors="0">
  <testcase name="Login" time="53.509" classname="TestCases.Scenario1"/>
</testsuite> <!-- TestCases.Scenario1 -->
